aws-sdk-s3 v1.119.0
в”ңв”Җв”Җ aws-credential-types v1.2.14
в”Ӯ   в”ңв”Җв”Җ aws-smithy-async v1.2.14
в”Ӯ   в”Ӯ   в”ңв”Җв”Җ futures-util v0.3.32
в”Ӯ   в”Ӯ   в”Ӯ   в”ңв”Җв”Җ futures-channel v0.3.32
в”Ӯ   в”Ӯ   в”Ӯ   в”Ӯ   в”ңв”Җв”Җ futures-core v0.3.32
в”Ӯ   в”Ӯ   в”Ӯ   в”Ӯ   в””в”Җв”Җ futures-sink v0.3.32
в”Ӯ   в”Ӯ   в”Ӯ   в”ңв”Җв”Җ futures-core v0.3.32
в”Ӯ   в”Ӯ   в”Ӯ   в”ңв”Җв”Җ futures-io v0.3.32
в”Ӯ   в”Ӯ   в”Ӯ   в”ңв”Җв”Җ futures-macro v0.3.32 (proc-macro)
в”Ӯ   в”Ӯ   в”Ӯ   в”Ӯ   в”ңв”Җв”Җ proc-macro2 v1.0.106
в”Ӯ   в”Ӯ   в”Ӯ   в”Ӯ   в”Ӯ   в””в”Җв”Җ unicode-ident v1.0.24
в”Ӯ   в”Ӯ   в”Ӯ   в”Ӯ   в”ңв”Җв”Җ quote v1.0.45
в”Ӯ   в”Ӯ   в”Ӯ   в”Ӯ   в”Ӯ   в””в”Җв”Җ proc-macro2 v1.0.106 (*)
в”Ӯ   в”Ӯ   в”Ӯ   в”Ӯ   в””в”Җв”Җ syn v2.0.117
в”Ӯ   в”Ӯ   в”Ӯ   в”Ӯ       в”ңв”Җв”Җ proc-macro2 v1.0.106 (*)
в”Ӯ   в”Ӯ   в”Ӯ   в”Ӯ       в”ңв”Җв”Җ quote v1.0.45 (*)
в”Ӯ   в”Ӯ   в”Ӯ   в”Ӯ       в””в”Җв”Җ unicode-ident v1.0.24
в”Ӯ   в”Ӯ   в”Ӯ   в”ңв”Җв”Җ futures-sink v0.3.32
в”Ӯ   в”Ӯ   в”Ӯ   в”ңв”Җв”Җ futures-task v0.3.32
в”Ӯ   в”Ӯ   в”Ӯ   в”ңв”Җв”Җ memchr v2.8.0
в”Ӯ   в”Ӯ   в”Ӯ   в”ңв”Җв”Җ pin-project-lite v0.2.17
в”Ӯ   в”Ӯ   в”Ӯ   в””в”Җв”Җ slab v0.4.12
в”Ӯ   в”Ӯ   в”ңв”Җв”Җ pin-project-lite v0.2.17
в”Ӯ   в”Ӯ   в””в”Җв”Җ tokio v1.50.0
в”Ӯ   в”Ӯ       в”ңв”Җв”Җ bytes v1.11.1
в”Ӯ   в”Ӯ       в”ңв”Җв”Җ libc v0.2.183
в”Ӯ   в”Ӯ       в”ңв”Җв”Җ mio v1.1.1
в”Ӯ   в”Ӯ       в”Ӯ   в””в”Җв”Җ libc v0.2.183
в”Ӯ   в”Ӯ       в”ңв”Җв”Җ parking_lot v0.12.5
в”Ӯ   в”Ӯ       в”Ӯ   в”ңв”Җв”Җ lock_api v0.4.14
в”Ӯ   в”Ӯ       в”Ӯ   в”Ӯ   в””в”Җв”Җ scopeguard v1.2.0
в”Ӯ   в”Ӯ       в”Ӯ   в””в”Җв”Җ parking_lot_core v0.9.12
в”Ӯ   в”Ӯ       в”Ӯ       в”ңв”Җв”Җ cfg-if v1.0.4
в”Ӯ   в”Ӯ       в”Ӯ       в”ңв”Җв”Җ libc v0.2.183
в”Ӯ   в”Ӯ       в”Ӯ       в””в”Җв”Җ smallvec v1.15.1
в”Ӯ   в”Ӯ       в”ңв”Җв”Җ pin-project-lite v0.2.17
в”Ӯ   в”Ӯ       в”ңв”Җв”Җ signal-hook-registry v1.4.8
в”Ӯ   в”Ӯ       в”Ӯ   в”ңв”Җв”Җ errno v0.3.14
в”Ӯ   в”Ӯ       в”Ӯ   в”Ӯ   в””в”Җв”Җ libc v0.2.183
в”Ӯ   в”Ӯ       в”Ӯ   в””в”Җв”Җ libc v0.2.183
в”Ӯ   в”Ӯ       в”ңв”Җв”Җ socket2 v0.6.3
в”Ӯ   в”Ӯ       в”Ӯ   в””в”Җв”Җ libc v0.2.183
в”Ӯ   в”Ӯ       в””в”Җв”Җ tokio-macros v2.6.1 (proc-macro)
в”Ӯ   в”Ӯ           в”ңв”Җв”Җ proc-macro2 v1.0.106 (*)
в”Ӯ   в”Ӯ           в”ңв”Җв”Җ quote v1.0.45 (*)
в”Ӯ   в”Ӯ           в””в”Җв”Җ syn v2.0.117 (*)
в”Ӯ   в”ңв”Җв”Җ aws-smithy-runtime-api v1.11.6
в”Ӯ   в”Ӯ   в”ңв”Җв”Җ aws-smithy-async v1.2.14 (*)
в”Ӯ   в”Ӯ   в”ңв”Җв”Җ aws-smithy-types v1.4.7
в”Ӯ   в”Ӯ   в”Ӯ   в”ңв”Җв”Җ base64-simd v0.8.0
в”Ӯ   в”Ӯ   в”Ӯ   в”Ӯ   в”ңв”Җв”Җ outref v0.5.2
в”Ӯ   в”Ӯ   в”Ӯ   в”Ӯ   в””в”Җв”Җ vsimd v0.8.0
в”Ӯ   в”Ӯ   в”Ӯ   в”ңв”Җв”Җ bytes v1.11.1
в”Ӯ   в”Ӯ   в”Ӯ   в”ңв”Җв”Җ bytes-utils v0.1.4
в”Ӯ   в”Ӯ   в”Ӯ   в”Ӯ   в”ңв”Җв”Җ bytes v1.11.1
в”Ӯ   в”Ӯ   в”Ӯ   в”Ӯ   в””в”Җв”Җ either v1.15.0
в”Ӯ   в”Ӯ   в”Ӯ   в”ңв”Җв”Җ futures-core v0.3.32
в”Ӯ   в”Ӯ   в”Ӯ   в”ңв”Җв”Җ http v0.2.12
в”Ӯ   в”Ӯ   в”Ӯ   в”Ӯ   в”ңв”Җв”Җ bytes v1.11.1
в”Ӯ   в”Ӯ   в”Ӯ   в”Ӯ   в”ңв”Җв”Җ fnv v1.0.7
в”Ӯ   в”Ӯ   в”Ӯ   в”Ӯ   в””в”Җв”Җ itoa v1.0.17
в”Ӯ   в”Ӯ   в”Ӯ   в”ңв”Җв”Җ http v1.4.0
в”Ӯ   в”Ӯ   в”Ӯ   в”Ӯ   в”ңв”Җв”Җ bytes v1.11.1
в”Ӯ   в”Ӯ   в”Ӯ   в”Ӯ   в””в”Җв”Җ itoa v1.0.17
в”Ӯ   в”Ӯ   в”Ӯ   в”ңв”Җв”Җ http-body v0.4.6
в”Ӯ   в”Ӯ   в”Ӯ   в”Ӯ   в”ңв”Җв”Җ bytes v1.11.1
в”Ӯ   в”Ӯ   в”Ӯ   в”Ӯ   в”ңв”Җв”Җ http v0.2.12 (*)
в”Ӯ   в”Ӯ   в”Ӯ   в”Ӯ   в””в”Җв”Җ pin-project-lite v0.2.17
в”Ӯ   в”Ӯ   в”Ӯ   в”ңв”Җв”Җ http-body v1.0.1
в”Ӯ   в”Ӯ   в”Ӯ   в”Ӯ   в”ңв”Җв”Җ bytes v1.11.1
в”Ӯ   в”Ӯ   в”Ӯ   в”Ӯ   в””в”Җв”Җ http v1.4.0 (*)
в”Ӯ   в”Ӯ   в”Ӯ   в”ңв”Җв”Җ http-body-util v0.1.3
в”Ӯ   в”Ӯ   в”Ӯ   в”Ӯ   в”ңв”Җв”Җ bytes v1.11.1
в”Ӯ   в”Ӯ   в”Ӯ   в”Ӯ   в”ңв”Җв”Җ futures-core v0.3.32
в”Ӯ   в”Ӯ   в”Ӯ   в”Ӯ   в”ңв”Җв”Җ http v1.4.0 (*)
в”Ӯ   в”Ӯ   в”Ӯ   в”Ӯ   в”ңв”Җв”Җ http-body v1.0.1 (*)
в”Ӯ   в”Ӯ   в”Ӯ   в”Ӯ   в””в”Җв”Җ pin-project-lite v0.2.17
в”Ӯ   в”Ӯ   в”Ӯ   в”ңв”Җв”Җ itoa v1.0.17
в”Ӯ   в”Ӯ   в”Ӯ   в”ңв”Җв”Җ num-integer v0.1.46
в”Ӯ   в”Ӯ   в”Ӯ   в”Ӯ   в””в”Җв”Җ num-traits v0.2.19
в”Ӯ   в”Ӯ   в”Ӯ   в”Ӯ       в””в”Җв”Җ libm v0.2.16
в”Ӯ   в”Ӯ   в”Ӯ   в”Ӯ       [build-dependencies]
в”Ӯ   в”Ӯ   в”Ӯ   в”Ӯ       в””в”Җв”Җ autocfg v1.5.0
в”Ӯ   в”Ӯ   в”Ӯ   в”ңв”Җв”Җ pin-project-lite v0.2.17
в”Ӯ   в”Ӯ   в”Ӯ   в”ңв”Җв”Җ pin-utils v0.1.0
в”Ӯ   в”Ӯ   в”Ӯ   в”ңв”Җв”Җ ryu v1.0.23
в”Ӯ   в”Ӯ   в”Ӯ   в”ңв”Җв”Җ time v0.3.47
в”Ӯ   в”Ӯ   в”Ӯ   в”Ӯ   в”ңв”Җв”Җ deranged v0.5.8
в”Ӯ   в”Ӯ   в”Ӯ   в”Ӯ   в”Ӯ   в””в”Җв”Җ powerfmt v0.2.0
в”Ӯ   в”Ӯ   в”Ӯ   в”Ӯ   в”ңв”Җв”Җ itoa v1.0.17
в”Ӯ   в”Ӯ   в”Ӯ   в”Ӯ   в”ңв”Җв”Җ num-conv v0.2.0
в”Ӯ   в”Ӯ   в”Ӯ   в”Ӯ   в”ңв”Җв”Җ powerfmt v0.2.0
в”Ӯ   в”Ӯ   в”Ӯ   в”Ӯ   в”ңв”Җв”Җ time-core v0.1.8
в”Ӯ   в”Ӯ   в”Ӯ   в”Ӯ   в””в”Җв”Җ time-macros v0.2.27 (proc-macro)
в”Ӯ   в”Ӯ   в”Ӯ   в”Ӯ       в”ңв”Җв”Җ num-conv v0.2.0
в”Ӯ   в”Ӯ   в”Ӯ   в”Ӯ       в””в”Җв”Җ time-core v0.1.8
в”Ӯ   в”Ӯ   в”Ӯ   в”ңв”Җв”Җ tokio v1.50.0 (*)
в”Ӯ   в”Ӯ   в”Ӯ   в””в”Җв”Җ tokio-util v0.7.18
в”Ӯ   в”Ӯ   в”Ӯ       в”ңв”Җв”Җ bytes v1.11.1
в”Ӯ   в”Ӯ   в”Ӯ       в”ңв”Җв”Җ futures-core v0.3.32
в”Ӯ   в”Ӯ   в”Ӯ       в”ңв”Җв”Җ futures-sink v0.3.32
в”Ӯ   в”Ӯ   в”Ӯ       в”ңв”Җв”Җ pin-project-lite v0.2.17
в”Ӯ   в”Ӯ   в”Ӯ       в””в”Җв”Җ tokio v1.50.0 (*)
в”Ӯ   в”Ӯ   в”ңв”Җв”Җ bytes v1.11.1
в”Ӯ   в”Ӯ   в”ңв”Җв”Җ http v0.2.12 (*)
в”Ӯ   в”Ӯ   в”ңв”Җв”Җ http v1.4.0 (*)
в”Ӯ   в”Ӯ   в”ңв”Җв”Җ pin-project-lite v0.2.17
в”Ӯ   в”Ӯ   в”ңв”Җв”Җ tokio v1.50.0 (*)
в”Ӯ   в”Ӯ   в”ңв”Җв”Җ tracing v0.1.44
в”Ӯ   в”Ӯ   в”Ӯ   в”ңв”Җв”Җ log v0.4.29
в”Ӯ   в”Ӯ   в”Ӯ   в”ңв”Җв”Җ pin-project-lite v0.2.17
в”Ӯ   в”Ӯ   в”Ӯ   в”ңв”Җв”Җ tracing-attributes v0.1.31 (proc-macro)
в”Ӯ   в”Ӯ   в”Ӯ   в”Ӯ   в”ңв”Җв”Җ proc-macro2 v1.0.106 (*)
в”Ӯ   в”Ӯ   в”Ӯ   в”Ӯ   в”ңв”Җв”Җ quote v1.0.45 (*)
в”Ӯ   в”Ӯ   в”Ӯ   в”Ӯ   в””в”Җв”Җ syn v2.0.117 (*)
в”Ӯ   в”Ӯ   в”Ӯ   в””в”Җв”Җ tracing-core v0.1.36
в”Ӯ   в”Ӯ   в”Ӯ       в””в”Җв”Җ once_cell v1.21.4
в”Ӯ   в”Ӯ   в””в”Җв”Җ zeroize v1.8.2
в”Ӯ   в”ңв”Җв”Җ aws-smithy-types v1.4.7 (*)
в”Ӯ   в””в”Җв”Җ zeroize v1.8.2
в”ңв”Җв”Җ aws-runtime v1.7.2
в”Ӯ   в”ңв”Җв”Җ aws-credential-types v1.2.14 (*)
в”Ӯ   в”ңв”Җв”Җ aws-sigv4 v1.4.2
в”Ӯ   в”Ӯ   в”ңв”Җв”Җ aws-credential-types v1.2.14 (*)
в”Ӯ   в”Ӯ   в”ңв”Җв”Җ aws-smithy-eventstream v0.60.20
в”Ӯ   в”Ӯ   в”Ӯ   в”ңв”Җв”Җ aws-smithy-types v1.4.7 (*)
в”Ӯ   в”Ӯ   в”Ӯ   в”ңв”Җв”Җ bytes v1.11.1
в”Ӯ   в”Ӯ   в”Ӯ   в””в”Җв”Җ crc32fast v1.5.0
в”Ӯ   в”Ӯ   в”Ӯ       в””в”Җв”Җ cfg-if v1.0.4
в”Ӯ   в”Ӯ   в”ңв”Җв”Җ aws-smithy-http v0.63.6
в”Ӯ   в”Ӯ   в”Ӯ   в”ңв”Җв”Җ aws-smithy-runtime-api v1.11.6 (*)
в”Ӯ   в”Ӯ   в”Ӯ   в”ңв”Җв”Җ aws-smithy-types v1.4.7 (*)
в”Ӯ   в”Ӯ   в”Ӯ   в”ңв”Җв”Җ bytes v1.11.1
в”Ӯ   в”Ӯ   в”Ӯ   в”ңв”Җв”Җ bytes-utils v0.1.4 (*)
в”Ӯ   в”Ӯ   в”Ӯ   в”ңв”Җв”Җ futures-core v0.3.32
в”Ӯ   в”Ӯ   в”Ӯ   в”ңв”Җв”Җ futures-util v0.3.32 (*)
в”Ӯ   в”Ӯ   в”Ӯ   в”ңв”Җв”Җ http v1.4.0 (*)
в”Ӯ   в”Ӯ   в”Ӯ   в”ңв”Җв”Җ http-body v1.0.1 (*)
в”Ӯ   в”Ӯ   в”Ӯ   в”ңв”Җв”Җ http-body-util v0.1.3 (*)
в”Ӯ   в”Ӯ   в”Ӯ   в”ңв”Җв”Җ percent-encoding v2.3.2
в”Ӯ   в”Ӯ   в”Ӯ   в”ңв”Җв”Җ pin-project-lite v0.2.17
в”Ӯ   в”Ӯ   в”Ӯ   в”ңв”Җв”Җ pin-utils v0.1.0
в”Ӯ   в”Ӯ   в”Ӯ   в””в”Җв”Җ tracing v0.1.44 (*)
в”Ӯ   в”Ӯ   в”ңв”Җв”Җ aws-smithy-runtime-api v1.11.6 (*)
в”Ӯ   в”Ӯ   в”ңв”Җв”Җ aws-smithy-types v1.4.7 (*)
в”Ӯ   в”Ӯ   в”ңв”Җв”Җ bytes v1.11.1
в”Ӯ   в”Ӯ   в”ңв”Җв”Җ form_urlencoded v1.2.2
в”Ӯ   в”Ӯ   в”Ӯ   в””в”Җв”Җ percent-encoding v2.3.2
в”Ӯ   в”Ӯ   в”ңв”Җв”Җ hex v0.4.3
в”Ӯ   в”Ӯ   в”ңв”Җв”Җ hmac v0.12.1
в”Ӯ   в”Ӯ   в”Ӯ   в””в”Җв”Җ digest v0.10.7
в”Ӯ   в”Ӯ   в”Ӯ       в”ңв”Җв”Җ block-buffer v0.10.4
в”Ӯ   в”Ӯ   в”Ӯ       в”Ӯ   в””в”Җв”Җ generic-array v0.14.7
в”Ӯ   в”Ӯ   в”Ӯ       в”Ӯ       в””в”Җв”Җ typenum v1.19.0
в”Ӯ   в”Ӯ   в”Ӯ       в”Ӯ       [build-dependencies]
в”Ӯ   в”Ӯ   в”Ӯ       в”Ӯ       в””в”Җв”Җ version_check v0.9.5
в”Ӯ   в”Ӯ   в”Ӯ       в”ңв”Җв”Җ crypto-common v0.1.7
в”Ӯ   в”Ӯ   в”Ӯ       в”Ӯ   в”ңв”Җв”Җ generic-array v0.14.7 (*)
в”Ӯ   в”Ӯ   в”Ӯ       в”Ӯ   в””в”Җв”Җ typenum v1.19.0
в”Ӯ   в”Ӯ   в”Ӯ       в””в”Җв”Җ subtle v2.6.1
в”Ӯ   в”Ӯ   в”ңв”Җв”Җ http v0.2.12 (*)
в”Ӯ   в”Ӯ   в”ңв”Җв”Җ http v1.4.0 (*)
в”Ӯ   в”Ӯ   в”ңв”Җв”Җ percent-encoding v2.3.2
в”Ӯ   в”Ӯ   в”ңв”Җв”Җ sha2 v0.10.9
в”Ӯ   в”Ӯ   в”Ӯ   в”ңв”Җв”Җ cfg-if v1.0.4
в”Ӯ   в”Ӯ   в”Ӯ   в”ңв”Җв”Җ cpufeatures v0.2.17
в”Ӯ   в”Ӯ   в”Ӯ   в””в”Җв”Җ digest v0.10.7 (*)
в”Ӯ   в”Ӯ   в”ңв”Җв”Җ time v0.3.47 (*)
в”Ӯ   в”Ӯ   в””в”Җв”Җ tracing v0.1.44 (*)
в”Ӯ   в”ңв”Җв”Җ aws-smithy-async v1.2.14 (*)
в”Ӯ   в”ңв”Җв”Җ aws-smithy-eventstream v0.60.20 (*)
в”Ӯ   в”ңв”Җв”Җ aws-smithy-http v0.63.6 (*)
в”Ӯ   в”ңв”Җв”Җ aws-smithy-runtime v1.10.3
в”Ӯ   в”Ӯ   в”ңв”Җв”Җ aws-smithy-async v1.2.14 (*)
в”Ӯ   в”Ӯ   в”ңв”Җв”Җ aws-smithy-http v0.63.6 (*)
в”Ӯ   в”Ӯ   в”ңв”Җв”Җ aws-smithy-http-client v1.1.12
в”Ӯ   в”Ӯ   в”Ӯ   в”ңв”Җв”Җ aws-smithy-async v1.2.14 (*)
в”Ӯ   в”Ӯ   в”Ӯ   в”ңв”Җв”Җ aws-smithy-runtime-api v1.11.6 (*)
в”Ӯ   в”Ӯ   в”Ӯ   в”ңв”Җв”Җ aws-smithy-types v1.4.7 (*)
в”Ӯ   в”Ӯ   в”Ӯ   в”ңв”Җв”Җ h2 v0.3.27
в”Ӯ   в”Ӯ   в”Ӯ   в”Ӯ   в”ңв”Җв”Җ bytes v1.11.1
в”Ӯ   в”Ӯ   в”Ӯ   в”Ӯ   в”ңв”Җв”Җ fnv v1.0.7
в”Ӯ   в”Ӯ   в”Ӯ   в”Ӯ   в”ңв”Җв”Җ futures-core v0.3.32
в”Ӯ   в”Ӯ   в”Ӯ   в”Ӯ   в”ңв”Җв”Җ futures-sink v0.3.32
в”Ӯ   в”Ӯ   в”Ӯ   в”Ӯ   в”ңв”Җв”Җ futures-util v0.3.32 (*)
в”Ӯ   в”Ӯ   в”Ӯ   в”Ӯ   в”ңв”Җв”Җ http v0.2.12 (*)
в”Ӯ   в”Ӯ   в”Ӯ   в”Ӯ   в”ңв”Җв”Җ indexmap v2.13.0
в”Ӯ   в”Ӯ   в”Ӯ   в”Ӯ   в”Ӯ   в”ңв”Җв”Җ equivalent v1.0.2
в”Ӯ   в”Ӯ   в”Ӯ   в”Ӯ   в”Ӯ   в””в”Җв”Җ hashbrown v0.16.1
в”Ӯ   в”Ӯ   в”Ӯ   в”Ӯ   в”Ӯ       в”ңв”Җв”Җ allocator-api2 v0.2.21
в”Ӯ   в”Ӯ   в”Ӯ   в”Ӯ   в”Ӯ       в”ңв”Җв”Җ equivalent v1.0.2
в”Ӯ   в”Ӯ   в”Ӯ   в”Ӯ   в”Ӯ       в””в”Җв”Җ foldhash v0.2.0
в”Ӯ   в”Ӯ   в”Ӯ   в”Ӯ   в”ңв”Җв”Җ slab v0.4.12
в”Ӯ   в”Ӯ   в”Ӯ   в”Ӯ   в”ңв”Җв”Җ tokio v1.50.0 (*)
в”Ӯ   в”Ӯ   в”Ӯ   в”Ӯ   в”ңв”Җв”Җ tokio-util v0.7.18 (*)
в”Ӯ   в”Ӯ   в”Ӯ   в”Ӯ   в””в”Җв”Җ tracing v0.1.44 (*)
в”Ӯ   в”Ӯ   в”Ӯ   в”ңв”Җв”Җ h2 v0.4.13
в”Ӯ   в”Ӯ   в”Ӯ   в”Ӯ   в”ңв”Җв”Җ atomic-waker v1.1.2
в”Ӯ   в”Ӯ   в”Ӯ   в”Ӯ   в”ңв”Җв”Җ bytes v1.11.1
в”Ӯ   в”Ӯ   в”Ӯ   в”Ӯ   в”ңв”Җв”Җ fnv v1.0.7
в”Ӯ   в”Ӯ   в”Ӯ   в”Ӯ   в”ңв”Җв”Җ futures-core v0.3.32
в”Ӯ   в”Ӯ   в”Ӯ   в”Ӯ   в”ңв”Җв”Җ futures-sink v0.3.32
в”Ӯ   в”Ӯ   в”Ӯ   в”Ӯ   в”ңв”Җв”Җ http v1.4.0 (*)
в”Ӯ   в”Ӯ   в”Ӯ   в”Ӯ   в”ңв”Җв”Җ indexmap v2.13.0 (*)
в”Ӯ   в”Ӯ   в”Ӯ   в”Ӯ   в”ңв”Җв”Җ slab v0.4.12
в”Ӯ   в”Ӯ   в”Ӯ   в”Ӯ   в”ңв”Җв”Җ tokio v1.50.0 (*)
в”Ӯ   в”Ӯ   в”Ӯ   в”Ӯ   в”ңв”Җв”Җ tokio-util v0.7.18 (*)
в”Ӯ   в”Ӯ   в”Ӯ   в”Ӯ   в””в”Җв”Җ tracing v0.1.44 (*)
в”Ӯ   в”Ӯ   в”Ӯ   в”ңв”Җв”Җ http v0.2.12 (*)
в”Ӯ   в”Ӯ   в”Ӯ   в”ңв”Җв”Җ http v1.4.0 (*)
в”Ӯ   в”Ӯ   в”Ӯ   в”ңв”Җв”Җ http-body v0.4.6 (*)
в”Ӯ   в”Ӯ   в”Ӯ   в”ңв”Җв”Җ hyper v0.14.32
в”Ӯ   в”Ӯ   в”Ӯ   в”Ӯ   в”ңв”Җв”Җ bytes v1.11.1
в”Ӯ   в”Ӯ   в”Ӯ   в”Ӯ   в”ңв”Җв”Җ futures-channel v0.3.32 (*)
в”Ӯ   в”Ӯ   в”Ӯ   в”Ӯ   в”ңв”Җв”Җ futures-core v0.3.32
в”Ӯ   в”Ӯ   в”Ӯ   в”Ӯ   в”ңв”Җв”Җ futures-util v0.3.32 (*)
в”Ӯ   в”Ӯ   в”Ӯ   в”Ӯ   в”ңв”Җв”Җ h2 v0.3.27 (*)
в”Ӯ   в”Ӯ   в”Ӯ   в”Ӯ   в”ңв”Җв”Җ http v0.2.12 (*)
в”Ӯ   в”Ӯ   в”Ӯ   в”Ӯ   в”ңв”Җв”Җ http-body v0.4.6 (*)
в”Ӯ   в”Ӯ   в”Ӯ   в”Ӯ   в”ңв”Җв”Җ httparse v1.10.1
в”Ӯ   в”Ӯ   в”Ӯ   в”Ӯ   в”ңв”Җв”Җ httpdate v1.0.3
в”Ӯ   в”Ӯ   в”Ӯ   в”Ӯ   в”ңв”Җв”Җ itoa v1.0.17
в”Ӯ   в”Ӯ   в”Ӯ   в”Ӯ   в”ңв”Җв”Җ pin-project-lite v0.2.17
в”Ӯ   в”Ӯ   в”Ӯ   в”Ӯ   в”ңв”Җв”Җ socket2 v0.5.10
в”Ӯ   в”Ӯ   в”Ӯ   в”Ӯ   в”Ӯ   в””в”Җв”Җ libc v0.2.183
в”Ӯ   в”Ӯ   в”Ӯ   в”Ӯ   в”ңв”Җв”Җ tokio v1.50.0 (*)
в”Ӯ   в”Ӯ   в”Ӯ   в”Ӯ   в”ңв”Җв”Җ tower-service v0.3.3
в”Ӯ   в”Ӯ   в”Ӯ   в”Ӯ   в”ңв”Җв”Җ tracing v0.1.44 (*)
в”Ӯ   в”Ӯ   в”Ӯ   в”Ӯ   в””в”Җв”Җ want v0.3.1
в”Ӯ   в”Ӯ   в”Ӯ   в”Ӯ       в””в”Җв”Җ try-lock v0.2.5
в”Ӯ   в”Ӯ   в”Ӯ   в”ңв”Җв”Җ hyper v1.8.1
в”Ӯ   в”Ӯ   в”Ӯ   в”Ӯ   в”ңв”Җв”Җ atomic-waker v1.1.2
в”Ӯ   в”Ӯ   в”Ӯ   в”Ӯ   в”ңв”Җв”Җ bytes v1.11.1
в”Ӯ   в”Ӯ   в”Ӯ   в”Ӯ   в”ңв”Җв”Җ futures-channel v0.3.32 (*)
в”Ӯ   в”Ӯ   в”Ӯ   в”Ӯ   в”ңв”Җв”Җ futures-core v0.3.32
в”Ӯ   в”Ӯ   в”Ӯ   в”Ӯ   в”ңв”Җв”Җ h2 v0.4.13 (*)
в”Ӯ   в”Ӯ   в”Ӯ   в”Ӯ   в”ңв”Җв”Җ http v1.4.0 (*)
в”Ӯ   в”Ӯ   в”Ӯ   в”Ӯ   в”ңв”Җв”Җ http-body v1.0.1 (*)
в”Ӯ   в”Ӯ   в”Ӯ   в”Ӯ   в”ңв”Җв”Җ httparse v1.10.1
в”Ӯ   в”Ӯ   в”Ӯ   в”Ӯ   в”ңв”Җв”Җ httpdate v1.0.3
в”Ӯ   в”Ӯ   в”Ӯ   в”Ӯ   в”ңв”Җв”Җ itoa v1.0.17
в”Ӯ   в”Ӯ   в”Ӯ   в”Ӯ   в”ңв”Җв”Җ pin-project-lite v0.2.17
в”Ӯ   в”Ӯ   в”Ӯ   в”Ӯ   в”ңв”Җв”Җ pin-utils v0.1.0
в”Ӯ   в”Ӯ   в”Ӯ   в”Ӯ   в”ңв”Җв”Җ smallvec v1.15.1
в”Ӯ   в”Ӯ   в”Ӯ   в”Ӯ   в”ңв”Җв”Җ tokio v1.50.0 (*)
в”Ӯ   в”Ӯ   в”Ӯ   в”Ӯ   в””в”Җв”Җ want v0.3.1 (*)
в”Ӯ   в”Ӯ   в”Ӯ   в”ңв”Җв”Җ hyper-rustls v0.24.2
в”Ӯ   в”Ӯ   в”Ӯ   в”Ӯ   в”ңв”Җв”Җ futures-util v0.3.32 (*)
в”Ӯ   в”Ӯ   в”Ӯ   в”Ӯ   в”ңв”Җв”Җ http v0.2.12 (*)
в”Ӯ   в”Ӯ   в”Ӯ   в”Ӯ   в”ңв”Җв”Җ hyper v0.14.32 (*)
в”Ӯ   в”Ӯ   в”Ӯ   в”Ӯ   в”ңв”Җв”Җ log v0.4.29
в”Ӯ   в”Ӯ   в”Ӯ   в”Ӯ   в”ңв”Җв”Җ rustls v0.21.12
в”Ӯ   в”Ӯ   в”Ӯ   в”Ӯ   в”Ӯ   в”ңв”Җв”Җ log v0.4.29
в”Ӯ   в”Ӯ   в”Ӯ   в”Ӯ   в”Ӯ   в”ңв”Җв”Җ ring v0.17.14
в”Ӯ   в”Ӯ   в”Ӯ   в”Ӯ   в”Ӯ   в”Ӯ   в”ңв”Җв”Җ cfg-if v1.0.4
в”Ӯ   в”Ӯ   в”Ӯ   в”Ӯ   в”Ӯ   в”Ӯ   в”ңв”Җв”Җ getrandom v0.2.17
в”Ӯ   в”Ӯ   в”Ӯ   в”Ӯ   в”Ӯ   в”Ӯ   в”Ӯ   в”ңв”Җв”Җ cfg-if v1.0.4
в”Ӯ   в”Ӯ   в”Ӯ   в”Ӯ   в”Ӯ   в”Ӯ   в”Ӯ   в””в”Җв”Җ libc v0.2.183
в”Ӯ   в”Ӯ   в”Ӯ   в”Ӯ   в”Ӯ   в”Ӯ   в””в”Җв”Җ untrusted v0.9.0
в”Ӯ   в”Ӯ   в”Ӯ   в”Ӯ   в”Ӯ   в”Ӯ   [build-dependencies]
в”Ӯ   в”Ӯ   в”Ӯ   в”Ӯ   в”Ӯ   в”Ӯ   в””в”Җв”Җ cc v1.2.56
в”Ӯ   в”Ӯ   в”Ӯ   в”Ӯ   в”Ӯ   в”Ӯ       в”ңв”Җв”Җ find-msvc-tools v0.1.9
в”Ӯ   в”Ӯ   в”Ӯ   в”Ӯ   в”Ӯ   в”Ӯ       в”ңв”Җв”Җ jobserver v0.1.34
в”Ӯ   в”Ӯ   в”Ӯ   в”Ӯ   в”Ӯ   в”Ӯ       в”Ӯ   в””в”Җв”Җ libc v0.2.183
в”Ӯ   в”Ӯ   в”Ӯ   в”Ӯ   в”Ӯ   в”Ӯ       в”ңв”Җв”Җ libc v0.2.183
в”Ӯ   в”Ӯ   в”Ӯ   в”Ӯ   в”Ӯ   в”Ӯ       в””в”Җв”Җ shlex v1.3.0
в”Ӯ   в”Ӯ   в”Ӯ   в”Ӯ   в”Ӯ   в”ңв”Җв”Җ rustls-webpki v0.101.7
в”Ӯ   в”Ӯ   в”Ӯ   в”Ӯ   в”Ӯ   в”Ӯ   в”ңв”Җв”Җ ring v0.17.14 (*)
в”Ӯ   в”Ӯ   в”Ӯ   в”Ӯ   в”Ӯ   в”Ӯ   в””в”Җв”Җ untrusted v0.9.0
в”Ӯ   в”Ӯ   в”Ӯ   в”Ӯ   в”Ӯ   в””в”Җв”Җ sct v0.7.1
в”Ӯ   в”Ӯ   в”Ӯ   в”Ӯ   в”Ӯ       в”ңв”Җв”Җ ring v0.17.14 (*)
в”Ӯ   в”Ӯ   в”Ӯ   в”Ӯ   в”Ӯ       в””в”Җв”Җ untrusted v0.9.0
в”Ӯ   в”Ӯ   в”Ӯ   в”Ӯ   в”ңв”Җв”Җ tokio v1.50.0 (*)
в”Ӯ   в”Ӯ   в”Ӯ   в”Ӯ   в””в”Җв”Җ tokio-rustls v0.24.1
в”Ӯ   в”Ӯ   в”Ӯ   в”Ӯ       в”ңв”Җв”Җ rustls v0.21.12 (*)
в”Ӯ   в”Ӯ   в”Ӯ   в”Ӯ       в””в”Җв”Җ tokio v1.50.0 (*)
в”Ӯ   в”Ӯ   в”Ӯ   в”ңв”Җв”Җ hyper-rustls v0.27.7
в”Ӯ   в”Ӯ   в”Ӯ   в”Ӯ   в”ңв”Җв”Җ http v1.4.0 (*)
в”Ӯ   в”Ӯ   в”Ӯ   в”Ӯ   в”ңв”Җв”Җ hyper v1.8.1 (*)
в”Ӯ   в”Ӯ   в”Ӯ   в”Ӯ   в”ңв”Җв”Җ hyper-util v0.1.20
в”Ӯ   в”Ӯ   в”Ӯ   в”Ӯ   в”Ӯ   в”ңв”Җв”Җ base64 v0.22.1
в”Ӯ   в”Ӯ   в”Ӯ   в”Ӯ   в”Ӯ   в”ңв”Җв”Җ bytes v1.11.1
в”Ӯ   в”Ӯ   в”Ӯ   в”Ӯ   в”Ӯ   в”ңв”Җв”Җ futures-channel v0.3.32 (*)
в”Ӯ   в”Ӯ   в”Ӯ   в”Ӯ   в”Ӯ   в”ңв”Җв”Җ futures-util v0.3.32 (*)
в”Ӯ   в”Ӯ   в”Ӯ   в”Ӯ   в”Ӯ   в”ңв”Җв”Җ http v1.4.0 (*)
в”Ӯ   в”Ӯ   в”Ӯ   в”Ӯ   в”Ӯ   в”ңв”Җв”Җ http-body v1.0.1 (*)
в”Ӯ   в”Ӯ   в”Ӯ   в”Ӯ   в”Ӯ   в”ңв”Җв”Җ hyper v1.8.1 (*)
в”Ӯ   в”Ӯ   в”Ӯ   в”Ӯ   в”Ӯ   в”ңв”Җв”Җ ipnet v2.12.0
в”Ӯ   в”Ӯ   в”Ӯ   в”Ӯ   в”Ӯ   в”ңв”Җв”Җ libc v0.2.183
в”Ӯ   в”Ӯ   в”Ӯ   в”Ӯ   в”Ӯ   в”ңв”Җв”Җ percent-encoding v2.3.2
в”Ӯ   в”Ӯ   в”Ӯ   в”Ӯ   в”Ӯ   в”ңв”Җв”Җ pin-project-lite v0.2.17
в”Ӯ   в”Ӯ   в”Ӯ   в”Ӯ   в”Ӯ   в”ңв”Җв”Җ socket2 v0.6.3 (*)
в”Ӯ   в”Ӯ   в”Ӯ   в”Ӯ   в”Ӯ   в”ңв”Җв”Җ tokio v1.50.0 (*)
в”Ӯ   в”Ӯ   в”Ӯ   в”Ӯ   в”Ӯ   в”ңв”Җв”Җ tower-service v0.3.3
в”Ӯ   в”Ӯ   в”Ӯ   в”Ӯ   в”Ӯ   в””в”Җв”Җ tracing v0.1.44 (*)
в”Ӯ   в”Ӯ   в”Ӯ   в”Ӯ   в”ңв”Җв”Җ rustls v0.23.37
в”Ӯ   в”Ӯ   в”Ӯ   в”Ӯ   в”Ӯ   в”ңв”Җв”Җ aws-lc-rs v1.16.1
в”Ӯ   в”Ӯ   в”Ӯ   в”Ӯ   в”Ӯ   в”Ӯ   в”ңв”Җв”Җ aws-lc-sys v0.38.0
в”Ӯ   в”Ӯ   в”Ӯ   в”Ӯ   в”Ӯ   в”Ӯ   в”Ӯ   [build-dependencies]
в”Ӯ   в”Ӯ   в”Ӯ   в”Ӯ   в”Ӯ   в”Ӯ   в”Ӯ   в”ңв”Җв”Җ cc v1.2.56 (*)
в”Ӯ   в”Ӯ   в”Ӯ   в”Ӯ   в”Ӯ   в”Ӯ   в”Ӯ   в”ңв”Җв”Җ cmake v0.1.57
в”Ӯ   в”Ӯ   в”Ӯ   в”Ӯ   в”Ӯ   в”Ӯ   в”Ӯ   в”Ӯ   в””в”Җв”Җ cc v1.2.56 (*)
в”Ӯ   в”Ӯ   в”Ӯ   в”Ӯ   в”Ӯ   в”Ӯ   в”Ӯ   в”ңв”Җв”Җ dunce v1.0.5
в”Ӯ   в”Ӯ   в”Ӯ   в”Ӯ   в”Ӯ   в”Ӯ   в”Ӯ   в””в”Җв”Җ fs_extra v1.3.0
в”Ӯ   в”Ӯ   в”Ӯ   в”Ӯ   в”Ӯ   в”Ӯ   в””в”Җв”Җ zeroize v1.8.2
в”Ӯ   в”Ӯ   в”Ӯ   в”Ӯ   в”Ӯ   в”ңв”Җв”Җ log v0.4.29
в”Ӯ   в”Ӯ   в”Ӯ   в”Ӯ   в”Ӯ   в”ңв”Җв”Җ once_cell v1.21.4
в”Ӯ   в”Ӯ   в”Ӯ   в”Ӯ   в”Ӯ   в”ңв”Җв”Җ ring v0.17.14 (*)
в”Ӯ   в”Ӯ   в”Ӯ   в”Ӯ   в”Ӯ   в”ңв”Җв”Җ rustls-pki-types v1.14.0
в”Ӯ   в”Ӯ   в”Ӯ   в”Ӯ   в”Ӯ   в”Ӯ   в””в”Җв”Җ zeroize v1.8.2
в”Ӯ   в”Ӯ   в”Ӯ   в”Ӯ   в”Ӯ   в”ңв”Җв”Җ rustls-webpki v0.103.9
в”Ӯ   в”Ӯ   в”Ӯ   в”Ӯ   в”Ӯ   в”Ӯ   в”ңв”Җв”Җ aws-lc-rs v1.16.1 (*)
в”Ӯ   в”Ӯ   в”Ӯ   в”Ӯ   в”Ӯ   в”Ӯ   в”ңв”Җв”Җ ring v0.17.14 (*)
в”Ӯ   в”Ӯ   в”Ӯ   в”Ӯ   в”Ӯ   в”Ӯ   в”ңв”Җв”Җ rustls-pki-types v1.14.0 (*)
в”Ӯ   в”Ӯ   в”Ӯ   в”Ӯ   в”Ӯ   в”Ӯ   в””в”Җв”Җ untrusted v0.9.0
в”Ӯ   в”Ӯ   в”Ӯ   в”Ӯ   в”Ӯ   в”ңв”Җв”Җ subtle v2.6.1
в”Ӯ   в”Ӯ   в”Ӯ   в”Ӯ   в”Ӯ   в””в”Җв”Җ zeroize v1.8.2
в”Ӯ   в”Ӯ   в”Ӯ   в”Ӯ   в”ңв”Җв”Җ rustls-native-certs v0.8.3
в”Ӯ   в”Ӯ   в”Ӯ   в”Ӯ   в”Ӯ   в”ңв”Җв”Җ openssl-probe v0.2.1
в”Ӯ   в”Ӯ   в”Ӯ   в”Ӯ   в”Ӯ   в””в”Җв”Җ rustls-pki-types v1.14.0 (*)
в”Ӯ   в”Ӯ   в”Ӯ   в”Ӯ   в”ңв”Җв”Җ rustls-pki-types v1.14.0 (*)
в”Ӯ   в”Ӯ   в”Ӯ   в”Ӯ   в”ңв”Җв”Җ tokio v1.50.0 (*)
в”Ӯ   в”Ӯ   в”Ӯ   в”Ӯ   в”ңв”Җв”Җ tokio-rustls v0.26.4
в”Ӯ   в”Ӯ   в”Ӯ   в”Ӯ   в”Ӯ   в”ңв”Җв”Җ rustls v0.23.37 (*)
в”Ӯ   в”Ӯ   в”Ӯ   в”Ӯ   в”Ӯ   в””в”Җв”Җ tokio v1.50.0 (*)
в”Ӯ   в”Ӯ   в”Ӯ   в”Ӯ   в”ңв”Җв”Җ tower-service v0.3.3
в”Ӯ   в”Ӯ   в”Ӯ   в”Ӯ   в””в”Җв”Җ webpki-roots v1.0.6
в”Ӯ   в”Ӯ   в”Ӯ   в”Ӯ       в””в”Җв”Җ rustls-pki-types v1.14.0 (*)
в”Ӯ   в”Ӯ   в”Ӯ   в”ңв”Җв”Җ hyper-util v0.1.20 (*)
в”Ӯ   в”Ӯ   в”Ӯ   в”ңв”Җв”Җ pin-project-lite v0.2.17
в”Ӯ   в”Ӯ   в”Ӯ   в”ңв”Җв”Җ rustls v0.21.12 (*)
в”Ӯ   в”Ӯ   в”Ӯ   в”ңв”Җв”Җ rustls v0.23.37 (*)
в”Ӯ   в”Ӯ   в”Ӯ   в”ңв”Җв”Җ rustls-native-certs v0.8.3 (*)
в”Ӯ   в”Ӯ   в”Ӯ   в”ңв”Җв”Җ rustls-pki-types v1.14.0 (*)
в”Ӯ   в”Ӯ   в”Ӯ   в”ңв”Җв”Җ tokio v1.50.0 (*)
в”Ӯ   в”Ӯ   в”Ӯ   в”ңв”Җв”Җ tokio-rustls v0.26.4 (*)
в”Ӯ   в”Ӯ   в”Ӯ   в”ңв”Җв”Җ tower v0.5.3
в”Ӯ   в”Ӯ   в”Ӯ   в”Ӯ   в”ңв”Җв”Җ futures-core v0.3.32
в”Ӯ   в”Ӯ   в”Ӯ   в”Ӯ   в”ңв”Җв”Җ futures-util v0.3.32 (*)
в”Ӯ   в”Ӯ   в”Ӯ   в”Ӯ   в”ңв”Җв”Җ pin-project-lite v0.2.17
в”Ӯ   в”Ӯ   в”Ӯ   в”Ӯ   в”ңв”Җв”Җ sync_wrapper v1.0.2
в”Ӯ   в”Ӯ   в”Ӯ   в”Ӯ   в”Ӯ   в””в”Җв”Җ futures-core v0.3.32
в”Ӯ   в”Ӯ   в”Ӯ   в”Ӯ   в”ңв”Җв”Җ tokio v1.50.0 (*)
в”Ӯ   в”Ӯ   в”Ӯ   в”Ӯ   в”ңв”Җв”Җ tower-layer v0.3.3
в”Ӯ   в”Ӯ   в”Ӯ   в”Ӯ   в””в”Җв”Җ tower-service v0.3.3
в”Ӯ   в”Ӯ   в”Ӯ   в””в”Җв”Җ tracing v0.1.44 (*)
в”Ӯ   в”Ӯ   в”ңв”Җв”Җ aws-smithy-observability v0.2.6
в”Ӯ   в”Ӯ   в”Ӯ   в””в”Җв”Җ aws-smithy-runtime-api v1.11.6 (*)
в”Ӯ   в”Ӯ   в”ңв”Җв”Җ aws-smithy-runtime-api v1.11.6 (*)
в”Ӯ   в”Ӯ   в”ңв”Җв”Җ aws-smithy-types v1.4.7 (*)
в”Ӯ   в”Ӯ   в”ңв”Җв”Җ bytes v1.11.1
в”Ӯ   в”Ӯ   в”ңв”Җв”Җ fastrand v2.3.0
в”Ӯ   в”Ӯ   в”ңв”Җв”Җ http v0.2.12 (*)
в”Ӯ   в”Ӯ   в”ңв”Җв”Җ http v1.4.0 (*)
в”Ӯ   в”Ӯ   в”ңв”Җв”Җ http-body v0.4.6 (*)
в”Ӯ   в”Ӯ   в”ңв”Җв”Җ http-body v1.0.1 (*)
в”Ӯ   в”Ӯ   в”ңв”Җв”Җ http-body-util v0.1.3 (*)
в”Ӯ   в”Ӯ   в”ңв”Җв”Җ pin-project-lite v0.2.17
в”Ӯ   в”Ӯ   в”ңв”Җв”Җ pin-utils v0.1.0
в”Ӯ   в”Ӯ   в”ңв”Җв”Җ tokio v1.50.0 (*)
в”Ӯ   в”Ӯ   в””в”Җв”Җ tracing v0.1.44 (*)
в”Ӯ   в”ңв”Җв”Җ aws-smithy-runtime-api v1.11.6 (*)
в”Ӯ   в”ңв”Җв”Җ aws-smithy-types v1.4.7 (*)
в”Ӯ   в”ңв”Җв”Җ aws-types v1.3.14
в”Ӯ   в”Ӯ   в”ңв”Җв”Җ aws-credential-types v1.2.14 (*)
в”Ӯ   в”Ӯ   в”ңв”Җв”Җ aws-smithy-async v1.2.14 (*)
в”Ӯ   в”Ӯ   в”ңв”Җв”Җ aws-smithy-runtime-api v1.11.6 (*)
в”Ӯ   в”Ӯ   в”ңв”Җв”Җ aws-smithy-types v1.4.7 (*)
в”Ӯ   в”Ӯ   в””в”Җв”Җ tracing v0.1.44 (*)
в”Ӯ   в”Ӯ   [build-dependencies]
в”Ӯ   в”Ӯ   в””в”Җв”Җ rustc_version v0.4.1
в”Ӯ   в”Ӯ       в””в”Җв”Җ semver v1.0.27
в”Ӯ   в”ңв”Җв”Җ bytes v1.11.1
в”Ӯ   в”ңв”Җв”Җ bytes-utils v0.1.4 (*)
в”Ӯ   в”ңв”Җв”Җ fastrand v2.3.0
в”Ӯ   в”ңв”Җв”Җ http v0.2.12 (*)
в”Ӯ   в”ңв”Җв”Җ http v1.4.0 (*)
в”Ӯ   в”ңв”Җв”Җ http-body v0.4.6 (*)
в”Ӯ   в”ңв”Җв”Җ http-body v1.0.1 (*)
в”Ӯ   в”ңв”Җв”Җ percent-encoding v2.3.2
в”Ӯ   в”ңв”Җв”Җ pin-project-lite v0.2.17
в”Ӯ   в”ңв”Җв”Җ tracing v0.1.44 (*)
в”Ӯ   в””в”Җв”Җ uuid v1.22.0
в”Ӯ       в”ңв”Җв”Җ getrandom v0.4.2
в”Ӯ       в”Ӯ   в”ңв”Җв”Җ cfg-if v1.0.4
в”Ӯ       в”Ӯ   в”ңв”Җв”Җ libc v0.2.183
в”Ӯ       в”Ӯ   в””в”Җв”Җ rand_core v0.10.0
в”Ӯ       в”ңв”Җв”Җ rand v0.10.0
в”Ӯ       в”Ӯ   в”ңв”Җв”Җ chacha20 v0.10.0
в”Ӯ       в”Ӯ   в”Ӯ   в”ңв”Җв”Җ cfg-if v1.0.4
в”Ӯ       в”Ӯ   в”Ӯ   в”ңв”Җв”Җ cpufeatures v0.3.0
в”Ӯ       в”Ӯ   в”Ӯ   в””в”Җв”Җ rand_core v0.10.0
в”Ӯ       в”Ӯ   в”ңв”Җв”Җ getrandom v0.4.2 (*)
в”Ӯ       в”Ӯ   в””в”Җв”Җ rand_core v0.10.0
в”Ӯ       в””в”Җв”Җ serde_core v1.0.228
в”ңв”Җв”Җ aws-sigv4 v1.4.2 (*)
в”ңв”Җв”Җ aws-smithy-async v1.2.14 (*)
в”ңв”Җв”Җ aws-smithy-checksums v0.63.12
в”Ӯ   в”ңв”Җв”Җ aws-smithy-http v0.62.6
в”Ӯ   в”Ӯ   в”ңв”Җв”Җ aws-smithy-eventstream v0.60.20 (*)
в”Ӯ   в”Ӯ   в”ңв”Җв”Җ aws-smithy-runtime-api v1.11.6 (*)
в”Ӯ   в”Ӯ   в”ңв”Җв”Җ aws-smithy-types v1.4.7 (*)
в”Ӯ   в”Ӯ   в”ңв”Җв”Җ bytes v1.11.1
в”Ӯ   в”Ӯ   в”ңв”Җв”Җ bytes-utils v0.1.4 (*)
в”Ӯ   в”Ӯ   в”ңв”Җв”Җ futures-core v0.3.32
в”Ӯ   в”Ӯ   в”ңв”Җв”Җ futures-util v0.3.32 (*)
в”Ӯ   в”Ӯ   в”ңв”Җв”Җ http v0.2.12 (*)
в”Ӯ   в”Ӯ   в”ңв”Җв”Җ http v1.4.0 (*)
в”Ӯ   в”Ӯ   в”ңв”Җв”Җ http-body v0.4.6 (*)
в”Ӯ   в”Ӯ   в”ңв”Җв”Җ percent-encoding v2.3.2
в”Ӯ   в”Ӯ   в”ңв”Җв”Җ pin-project-lite v0.2.17
в”Ӯ   в”Ӯ   в”ңв”Җв”Җ pin-utils v0.1.0
в”Ӯ   в”Ӯ   в””в”Җв”Җ tracing v0.1.44 (*)
в”Ӯ   в”ңв”Җв”Җ aws-smithy-types v1.4.7 (*)
в”Ӯ   в”ңв”Җв”Җ bytes v1.11.1
в”Ӯ   в”ңв”Җв”Җ crc-fast v1.6.0
в”Ӯ   в”Ӯ   в”ңв”Җв”Җ crc v3.4.0
в”Ӯ   в”Ӯ   в”Ӯ   в””в”Җв”Җ crc-catalog v2.4.0
в”Ӯ   в”Ӯ   в”ңв”Җв”Җ digest v0.10.7 (*)
в”Ӯ   в”Ӯ   в”ңв”Җв”Җ rand v0.9.2
в”Ӯ   в”Ӯ   в”Ӯ   в”ңв”Җв”Җ rand_chacha v0.9.0
в”Ӯ   в”Ӯ   в”Ӯ   в”Ӯ   в”ңв”Җв”Җ ppv-lite86 v0.2.21
в”Ӯ   в”Ӯ   в”Ӯ   в”Ӯ   в”Ӯ   в””в”Җв”Җ zerocopy v0.8.42
в”Ӯ   в”Ӯ   в”Ӯ   в”Ӯ   в”Ӯ       в””в”Җв”Җ zerocopy-derive v0.8.42 (proc-macro)
в”Ӯ   в”Ӯ   в”Ӯ   в”Ӯ   в”Ӯ           в”ңв”Җв”Җ proc-macro2 v1.0.106 (*)
в”Ӯ   в”Ӯ   в”Ӯ   в”Ӯ   в”Ӯ           в”ңв”Җв”Җ quote v1.0.45 (*)
в”Ӯ   в”Ӯ   в”Ӯ   в”Ӯ   в”Ӯ           в””в”Җв”Җ syn v2.0.117 (*)
в”Ӯ   в”Ӯ   в”Ӯ   в”Ӯ   в””в”Җв”Җ rand_core v0.9.5
в”Ӯ   в”Ӯ   в”Ӯ   в”Ӯ       в””в”Җв”Җ getrandom v0.3.4
в”Ӯ   в”Ӯ   в”Ӯ   в”Ӯ           в”ңв”Җв”Җ cfg-if v1.0.4
в”Ӯ   в”Ӯ   в”Ӯ   в”Ӯ           в””в”Җв”Җ libc v0.2.183
в”Ӯ   в”Ӯ   в”Ӯ   в””в”Җв”Җ rand_core v0.9.5 (*)
в”Ӯ   в”Ӯ   в”ңв”Җв”Җ regex v1.12.3
в”Ӯ   в”Ӯ   в”Ӯ   в”ңв”Җв”Җ aho-corasick v1.1.4
в”Ӯ   в”Ӯ   в”Ӯ   в”Ӯ   в””в”Җв”Җ memchr v2.8.0
в”Ӯ   в”Ӯ   в”Ӯ   в”ңв”Җв”Җ memchr v2.8.0
в”Ӯ   в”Ӯ   в”Ӯ   в”ңв”Җв”Җ regex-automata v0.4.14
в”Ӯ   в”Ӯ   в”Ӯ   в”Ӯ   в”ңв”Җв”Җ aho-corasick v1.1.4 (*)
в”Ӯ   в”Ӯ   в”Ӯ   в”Ӯ   в”ңв”Җв”Җ memchr v2.8.0
в”Ӯ   в”Ӯ   в”Ӯ   в”Ӯ   в””в”Җв”Җ regex-syntax v0.8.10
в”Ӯ   в”Ӯ   в”Ӯ   в””в”Җв”Җ regex-syntax v0.8.10
в”Ӯ   в”Ӯ   в””в”Җв”Җ rustversion v1.0.22 (proc-macro)
в”Ӯ   в”ңв”Җв”Җ hex v0.4.3
в”Ӯ   в”ңв”Җв”Җ http v0.2.12 (*)
в”Ӯ   в”ңв”Җв”Җ http-body v0.4.6 (*)
в”Ӯ   в”ңв”Җв”Җ md-5 v0.10.6
в”Ӯ   в”Ӯ   в”ңв”Җв”Җ cfg-if v1.0.4
в”Ӯ   в”Ӯ   в””в”Җв”Җ digest v0.10.7 (*)
в”Ӯ   в”ңв”Җв”Җ pin-project-lite v0.2.17
в”Ӯ   в”ңв”Җв”Җ sha1 v0.10.6
в”Ӯ   в”Ӯ   в”ңв”Җв”Җ cfg-if v1.0.4
в”Ӯ   в”Ӯ   в”ңв”Җв”Җ cpufeatures v0.2.17
в”Ӯ   в”Ӯ   в””в”Җв”Җ digest v0.10.7 (*)
в”Ӯ   в”ңв”Җв”Җ sha2 v0.10.9 (*)
в”Ӯ   в””в”Җв”Җ tracing v0.1.44 (*)
в”ңв”Җв”Җ aws-smithy-eventstream v0.60.20 (*)
в”ңв”Җв”Җ aws-smithy-http v0.62.6 (*)
в”ңв”Җв”Җ aws-smithy-json v0.61.9
в”Ӯ   в””в”Җв”Җ aws-smithy-types v1.4.7 (*)
в”ңв”Җв”Җ aws-smithy-runtime v1.10.3 (*)
в”ңв”Җв”Җ aws-smithy-runtime-api v1.11.6 (*)
в”ңв”Җв”Җ aws-smithy-types v1.4.7 (*)
в”ңв”Җв”Җ aws-smithy-xml v0.60.15
в”Ӯ   в””в”Җв”Җ xmlparser v0.13.6
в”ңв”Җв”Җ aws-types v1.3.14 (*)
в”ңв”Җв”Җ bytes v1.11.1
в”ңв”Җв”Җ fastrand v2.3.0
в”ңв”Җв”Җ hex v0.4.3
в”ңв”Җв”Җ hmac v0.12.1 (*)
в”ңв”Җв”Җ http v0.2.12 (*)
в”ңв”Җв”Җ http v1.4.0 (*)
в”ңв”Җв”Җ http-body v0.4.6 (*)
в”ңв”Җв”Җ lru v0.12.5
в”Ӯ   в””в”Җв”Җ hashbrown v0.15.5
в”Ӯ       в”ңв”Җв”Җ allocator-api2 v0.2.21
в”Ӯ       в”ңв”Җв”Җ equivalent v1.0.2
в”Ӯ       в””в”Җв”Җ foldhash v0.1.5
в”ңв”Җв”Җ percent-encoding v2.3.2
в”ңв”Җв”Җ regex-lite v0.1.9
в”ңв”Җв”Җ sha2 v0.10.9 (*)
в”ңв”Җв”Җ tracing v0.1.44 (*)
в””в”Җв”Җ url v2.5.8
    в”ңв”Җв”Җ form_urlencoded v1.2.2 (*)
    в”ңв”Җв”Җ idna v1.1.0
    в”Ӯ   в”ңв”Җв”Җ idna_adapter v1.2.1
    в”Ӯ   в”Ӯ   в”ңв”Җв”Җ icu_normalizer v2.1.1
    в”Ӯ   в”Ӯ   в”Ӯ   в”ңв”Җв”Җ icu_collections v2.1.1
    в”Ӯ   в”Ӯ   в”Ӯ   в”Ӯ   в”ңв”Җв”Җ displaydoc v0.2.5 (proc-macro)
    в”Ӯ   в”Ӯ   в”Ӯ   в”Ӯ   в”Ӯ   в”ңв”Җв”Җ proc-macro2 v1.0.106 (*)
    в”Ӯ   в”Ӯ   в”Ӯ   в”Ӯ   в”Ӯ   в”ңв”Җв”Җ quote v1.0.45 (*)
    в”Ӯ   в”Ӯ   в”Ӯ   в”Ӯ   в”Ӯ   в””в”Җв”Җ syn v2.0.117 (*)
    в”Ӯ   в”Ӯ   в”Ӯ   в”Ӯ   в”ңв”Җв”Җ potential_utf v0.1.4
    в”Ӯ   в”Ӯ   в”Ӯ   в”Ӯ   в”Ӯ   в””в”Җв”Җ zerovec v0.11.5
    в”Ӯ   в”Ӯ   в”Ӯ   в”Ӯ   в”Ӯ       в”ңв”Җв”Җ yoke v0.8.1
    в”Ӯ   в”Ӯ   в”Ӯ   в”Ӯ   в”Ӯ       в”Ӯ   в”ңв”Җв”Җ stable_deref_trait v1.2.1
    в”Ӯ   в”Ӯ   в”Ӯ   в”Ӯ   в”Ӯ       в”Ӯ   в”ңв”Җв”Җ yoke-derive v0.8.1 (proc-macro)
    в”Ӯ   в”Ӯ   в”Ӯ   в”Ӯ   в”Ӯ       в”Ӯ   в”Ӯ   в”ңв”Җв”Җ proc-macro2 v1.0.106 (*)
    в”Ӯ   в”Ӯ   в”Ӯ   в”Ӯ   в”Ӯ       в”Ӯ   в”Ӯ   в”ңв”Җв”Җ quote v1.0.45 (*)
    в”Ӯ   в”Ӯ   в”Ӯ   в”Ӯ   в”Ӯ       в”Ӯ   в”Ӯ   в”ңв”Җв”Җ syn v2.0.117 (*)
    в”Ӯ   в”Ӯ   в”Ӯ   в”Ӯ   в”Ӯ       в”Ӯ   в”Ӯ   в””в”Җв”Җ synstructure v0.13.2
    в”Ӯ   в”Ӯ   в”Ӯ   в”Ӯ   в”Ӯ       в”Ӯ   в”Ӯ       в”ңв”Җв”Җ proc-macro2 v1.0.106 (*)
    в”Ӯ   в”Ӯ   в”Ӯ   в”Ӯ   в”Ӯ       в”Ӯ   в”Ӯ       в”ңв”Җв”Җ quote v1.0.45 (*)
    в”Ӯ   в”Ӯ   в”Ӯ   в”Ӯ   в”Ӯ       в”Ӯ   в”Ӯ       в””в”Җв”Җ syn v2.0.117 (*)
    в”Ӯ   в”Ӯ   в”Ӯ   в”Ӯ   в”Ӯ       в”Ӯ   в””в”Җв”Җ zerofrom v0.1.6
    в”Ӯ   в”Ӯ   в”Ӯ   в”Ӯ   в”Ӯ       в”Ӯ       в””в”Җв”Җ zerofrom-derive v0.1.6 (proc-macro)
    в”Ӯ   в”Ӯ   в”Ӯ   в”Ӯ   в”Ӯ       в”Ӯ           в”ңв”Җв”Җ proc-macro2 v1.0.106 (*)
    в”Ӯ   в”Ӯ   в”Ӯ   в”Ӯ   в”Ӯ       в”Ӯ           в”ңв”Җв”Җ quote v1.0.45 (*)
    в”Ӯ   в”Ӯ   в”Ӯ   в”Ӯ   в”Ӯ       в”Ӯ           в”ңв”Җв”Җ syn v2.0.117 (*)
    в”Ӯ   в”Ӯ   в”Ӯ   в”Ӯ   в”Ӯ       в”Ӯ           в””в”Җв”Җ synstructure v0.13.2 (*)
    в”Ӯ   в”Ӯ   в”Ӯ   в”Ӯ   в”Ӯ       в”ңв”Җв”Җ zerofrom v0.1.6 (*)
    в”Ӯ   в”Ӯ   в”Ӯ   в”Ӯ   в”Ӯ       в””в”Җв”Җ zerovec-derive v0.11.2 (proc-macro)
    в”Ӯ   в”Ӯ   в”Ӯ   в”Ӯ   в”Ӯ           в”ңв”Җв”Җ proc-macro2 v1.0.106 (*)
    в”Ӯ   в”Ӯ   в”Ӯ   в”Ӯ   в”Ӯ           в”ңв”Җв”Җ quote v1.0.45 (*)
    в”Ӯ   в”Ӯ   в”Ӯ   в”Ӯ   в”Ӯ           в””в”Җв”Җ syn v2.0.117 (*)
    в”Ӯ   в”Ӯ   в”Ӯ   в”Ӯ   в”ңв”Җв”Җ yoke v0.8.1 (*)
    в”Ӯ   в”Ӯ   в”Ӯ   в”Ӯ   в”ңв”Җв”Җ zerofrom v0.1.6 (*)
    в”Ӯ   в”Ӯ   в”Ӯ   в”Ӯ   в””в”Җв”Җ zerovec v0.11.5 (*)
    в”Ӯ   в”Ӯ   в”Ӯ   в”ңв”Җв”Җ icu_normalizer_data v2.1.1
    в”Ӯ   в”Ӯ   в”Ӯ   в”ңв”Җв”Җ icu_provider v2.1.1
    в”Ӯ   в”Ӯ   в”Ӯ   в”Ӯ   в”ңв”Җв”Җ displaydoc v0.2.5 (proc-macro) (*)
    в”Ӯ   в”Ӯ   в”Ӯ   в”Ӯ   в”ңв”Җв”Җ icu_locale_core v2.1.1
    в”Ӯ   в”Ӯ   в”Ӯ   в”Ӯ   в”Ӯ   в”ңв”Җв”Җ displaydoc v0.2.5 (proc-macro) (*)
    в”Ӯ   в”Ӯ   в”Ӯ   в”Ӯ   в”Ӯ   в”ңв”Җв”Җ litemap v0.8.1
    в”Ӯ   в”Ӯ   в”Ӯ   в”Ӯ   в”Ӯ   в”ңв”Җв”Җ tinystr v0.8.2
    в”Ӯ   в”Ӯ   в”Ӯ   в”Ӯ   в”Ӯ   в”Ӯ   в”ңв”Җв”Җ displaydoc v0.2.5 (proc-macro) (*)
    в”Ӯ   в”Ӯ   в”Ӯ   в”Ӯ   в”Ӯ   в”Ӯ   в””в”Җв”Җ zerovec v0.11.5 (*)
    в”Ӯ   в”Ӯ   в”Ӯ   в”Ӯ   в”Ӯ   в”ңв”Җв”Җ writeable v0.6.2
    в”Ӯ   в”Ӯ   в”Ӯ   в”Ӯ   в”Ӯ   в””в”Җв”Җ zerovec v0.11.5 (*)
    в”Ӯ   в”Ӯ   в”Ӯ   в”Ӯ   в”ңв”Җв”Җ writeable v0.6.2
    в”Ӯ   в”Ӯ   в”Ӯ   в”Ӯ   в”ңв”Җв”Җ yoke v0.8.1 (*)
    в”Ӯ   в”Ӯ   в”Ӯ   в”Ӯ   в”ңв”Җв”Җ zerofrom v0.1.6 (*)
    в”Ӯ   в”Ӯ   в”Ӯ   в”Ӯ   в”ңв”Җв”Җ zerotrie v0.2.3
    в”Ӯ   в”Ӯ   в”Ӯ   в”Ӯ   в”Ӯ   в”ңв”Җв”Җ displaydoc v0.2.5 (proc-macro) (*)
    в”Ӯ   в”Ӯ   в”Ӯ   в”Ӯ   в”Ӯ   в”ңв”Җв”Җ yoke v0.8.1 (*)
    в”Ӯ   в”Ӯ   в”Ӯ   в”Ӯ   в”Ӯ   в””в”Җв”Җ zerofrom v0.1.6 (*)
    в”Ӯ   в”Ӯ   в”Ӯ   в”Ӯ   в””в”Җв”Җ zerovec v0.11.5 (*)
    в”Ӯ   в”Ӯ   в”Ӯ   в”ңв”Җв”Җ smallvec v1.15.1
    в”Ӯ   в”Ӯ   в”Ӯ   в””в”Җв”Җ zerovec v0.11.5 (*)
    в”Ӯ   в”Ӯ   в””в”Җв”Җ icu_properties v2.1.2
    в”Ӯ   в”Ӯ       в”ңв”Җв”Җ icu_collections v2.1.1 (*)
    в”Ӯ   в”Ӯ       в”ңв”Җв”Җ icu_locale_core v2.1.1 (*)
    в”Ӯ   в”Ӯ       в”ңв”Җв”Җ icu_properties_data v2.1.2
    в”Ӯ   в”Ӯ       в”ңв”Җв”Җ icu_provider v2.1.1 (*)
    в”Ӯ   в”Ӯ       в”ңв”Җв”Җ zerotrie v0.2.3 (*)
    в”Ӯ   в”Ӯ       в””в”Җв”Җ zerovec v0.11.5 (*)
    в”Ӯ   в”ңв”Җв”Җ smallvec v1.15.1
    в”Ӯ   в””в”Җв”Җ utf8_iter v1.0.4
    в”ңв”Җв”Җ percent-encoding v2.3.2
    в”ңв”Җв”Җ serde v1.0.228
    в”Ӯ   в”ңв”Җв”Җ serde_core v1.0.228
    в”Ӯ   в””в”Җв”Җ serde_derive v1.0.228 (proc-macro)
    в”Ӯ       в”ңв”Җв”Җ proc-macro2 v1.0.106 (*)
    в”Ӯ       в”ңв”Җв”Җ quote v1.0.45 (*)
    в”Ӯ       в””в”Җв”Җ syn v2.0.117 (*)
    в””в”Җв”Җ serde_derive v1.0.228 (proc-macro) (*)
